1265333452.013216 14 - - - - -
1265333452.013255 66 1500 20 T 32 1448
1265333452.157256 14 - - - - -
1265333452.157292 14 - - - - -
1265333452.157308 66 1500 20 T 32 1448
1265333452.178767 42 268 20 U 8 240
1265333452.229256 34 1500 20 T - -
1265333452.229983 66 1500 20 T 32 1448
1265333452.230026 14 - - - - -
1265333452.230046 14 - - - - -
1265333452.233706 74 60 20 T 40 0
1265333452.237836 66 52 20 T 32 0
1265333452.238131 14 - - - - -
1265333452.238262 14 - - - - -
1265333452.238345 66 52 20 T 32 0
1265333452.238443 66 351 20 T 32 299
1265333452.242786 66 1500 20 T 32 1448
1265333452.242891 66 1500 20 T 32 1448
1265333452.242995 66 1500 20 T 32 1448
1265333452.247217 66 1500 20 T 32 1448
1265333452.247354 14 - - - - -
1265333452.247560 66 1500 20 T 32 1448
1265333452.251669 14 - - - - -
1265333452.251916 14 - - - - -
1265333452.252145 34 1500 20 T - -
1265333452.252167 66 1500 20 T 32 1448
1265333452.252253 66 1500 20 T 32 1448
1265333452.256483 14 - - - - -
1265333452.256608 14 - - - - -
1265333452.256775 66 1500 20 T 32 1448
1265333452.256910 66 1500 20 T 32 1448
1265333452.260976 14 - - - - -
1265333452.260989 34 1500 20 T - -
1265333452.261008 34 1500 20 T - -
1265333452.261053 14 - - - - -
1265333452.261226 34 1500 20 T - -
1265333452.265989 66 1500 20 T 32 1448
1265333452.266105 66 1500 20 T 32 1448
1265333452.266116 66 1500 20 T 32 1448
1265333452.266128 34 1500 20 T - -
1265333452.266153 66 1500 20 T 32 1448
1265333452.266165 66 1500 20 T 32 1448
1265333452.266190 14 - - - - -
1265333452.271190 14 - - - - -
1265333452.271303 34 1500 20 T - -
1265333452.271323 66 1500 20 T 32 1448
1265333452.271335 14 - - - - -
1265333452.271348 66 1500 20 T 32 1448
1265333452.271365 66 1500 20 T 32 1448
1265333452.271388 66 1500 20 T 32 1448
1265333452.271402 66 1500 20 T 32 1448
1265333452.271417 34 1500 20 T - -
1265333452.271429 34 1500 20 T - -
1265333452.271449 66 1500 20 T 32 1448
1265333452.271469 14 - - - - -
1265333452.276294 66 1500 20 T 32 1448
1265333452.276306 34 1500 20 T - -
1265333452.276324 66 1500 20 T 32 1448
1265333452.276337 66 1500 20 T 32 1448
1265333452.276358 66 1500 20 T 32 1448
1265333452.276400 34 1500 20 T - -
1265333452.276424 34 1500 20 T - -
1265333452.276437 66 1500 20 T 32 1448
1265333452.276450 34 1500 20 T - -
1265333452.276463 66 1500 20 T 32 1448
1265333452.276586 66 1500 20 T 32 1448
1265333452.281869 66 1500 20 T 32 1448
1265333452.281880 66 1500 20 T 32 1448
1265333452.281920 66 1500 20 T 32 1448
1265333452.281963 34 1500 20 T - -
1265333452.281976 14 - - - - -
1265333452.282014 66 1500 20 T 32 1448
1265333452.282223 66 1500 20 T 32 1448
1265333452.286924 34 1500 20 T - -
1265333452.287008 34 1500 20 T - -
1265333452.287037 66 1500 20 T 32 1448
1265333452.287110 66 1500 20 T 32 1448
1265333452.287183 34 1500 20 T - -
1265333452.287207 66 1500 20 T 32 1448
1265333452.287219 66 1500 20 T 32 1448
1265333452.287246 66 1500 20 T 32 1448
1265333452.287381 34 1500 20 T - -
1265333452.287911 66 1500 20 T 32 1448
1265333452.288037 66 1500 20 T 32 1448
1265333452.288265 34 1500 20 T - -
1265333452.288278 34 1500 20 T - -
1265333452.288463 34 1500 20 T - -
1265333452.292340 14 - - - - -
1265333452.292353 34 1500 20 T - -
1265333452.292366 34 1500 20 T - -
1265333452.292377 34 1500 20 T - -
1265333452.292391 66 1500 20 T 32 1448
1265333452.292415 66 1500 20 T 32 1448
1265333452.292427 34 1500 20 T - -
1265333452.292441 66 1500 20 T 32 1448
1265333452.292452 34 1500 20 T - -
1265333452.292479 14 - - - - -
1265333452.292540 66 1500 20 T 32 1448
1265333452.293611 66 1500 20 T 32 1448
1265333452.293648 66 1500 20 T 32 1448
1265333452.293658 14 - - - - -
1265333452.293673 34 1500 20 T - -
1265333452.297813 66 1500 20 T 32 1448
1265333452.297833 66 1500 20 T 32 1448
1265333452.297887 66 1500 20 T 32 1448
1265333452.297901 14 - - - - -
1265333452.297916 34 1500 20 T - -
1265333452.297928 66 1500 20 T 32 1448
1265333452.298102 14 - - - - -
1265333452.298114 14 - - - - -
1265333452.298135 66 1500 20 T 32 1448
1265333452.298158 66 1500 20 T 32 1448
1265333452.298171 14 - - - - -
1265333452.298184 66 1500 20 T 32 1448
1265333452.298238 34 1500 20 T - -
1265333452.299352 14 - - - - -
1265333452.299435 66 1500 20 T 32 1448
1265333452.299455 66 1500 20 T 32 1448
1265333452.299480 34 1500 20 T - -
1265333452.299530 34 1500 20 T - -
1265333452.299580 14 - - - - -
1265333452.301847 14 - - - - -
1265333452.301863 66 1500 20 T 32 1448
1265333452.301872 14 - - - - -
1265333452.301884 34 1500 20 T - -
1265333452.302045 14 - - - - -
1265333452.302057 66 1500 20 T 32 1448
1265333452.302075 34 1500 20 T - -
1265333452.302202 66 1500 20 T 32 1448
1265333452.302214 34 1500 20 T - -
1265333452.303241 66 1500 20 T 32 1448
1265333452.303262 66 1500 20 T 32 1448
1265333452.303333 66 1500 20 T 32 1448
1265333452.303440 34 1500 20 T - -
1265333452.303452 14 - - - - -
1265333452.303482 66 1500 20 T 32 1448
1265333452.303484 34 1500 20 T - -
1265333452.303501 66 1500 20 T 32 1448
1265333452.303514 34 1500 20 T - -
1265333452.305270 66 1500 20 T 32 1448
1265333452.305344 66 1500 20 T 32 1448
1265333452.305385 34 1500 20 T - -
1265333452.305397 14 - - - - -
1265333452.305445 14 - - - - -
1265333452.305470 66 1500 20 T 32 1448
1265333452.305510 66 1500 20 T 32 1448
1265333452.305546 34 1500 20 T - -
1265333452.305561 66 1500 20 T 32 1448
1265333452.375073 66 1500 20 T 32 1448
1265333452.375086 66 1500 20 T 32 1448
1265333452.375114 14 - - - - -
1265333452.847643 34 54 20 ? ? ?
1265333453.032186 34 350 20 T - -
1265333453.032397 66 1500 20 T 32 1448
1265333453.032481 66 1500 20 T 32 1448
1265333453.032606 14 - - - - -
1265333453.035664 14 - - - - -
1265333453.035789 66 1500 20 T 32 1448
1265333453.036652 14 - - - - -
1265333453.036871 14 - - - - -
1265333453.036994 14 - - - - -
1265333453.039647 66 1500 20 T 32 1448
1265333453.039758 34 1500 20 T - -
1265333453.040937 66 1500 20 T 32 1448
1265333453.041938 14 - - - - -
1265333453.043755 66 1500 20 T 32 1448
1265333453.043995 34 1500 20 T - -
1265333453.044118 34 1500 20 T - -
1265333453.045398 14 - - - - -
1265333453.045513 34 1500 20 T - -
1265333453.045525 66 1500 20 T 32 1448
1265333453.045595 66 1500 20 T 32 1448
1265333453.045731 66 1500 20 T 32 1448
1265333453.048229 66 104 20 T 32 52
1265333453.086947 14 - - - - -
1265333453.091429 66 52 20 T 32 0
1265333453.093981 14 - - - - -
1265333453.093983 34 52 20 T - -
1265333453.098418 14 - - - - -
1265333453.099063 66 52 20 T 32 0
1265333453.100382 34 52 20 T - -
1265333453.101162 14 - - - - -
1265333453.104793 34 1500 20 T - -
1265333453.106429 34 237 20 T - -
1265333453.109171 66 1437 20 T 32 1385
1265333453.165592 58 44 20 T 24 0
1265333453.166465 74 60 20 T 40 0
1265333453.167589 34 60 20 T - -
1265333453.167847 14 - - - - -
1265333453.168067 74 60 20 T 40 0
1265333453.168461 74 60 20 T 40 0
1265333453.168859 74 60 20 T 40 0
1265333453.170677 14 - - - - -
1265333453.172240 66 237 20 T 32 185
1265333453.172249 34 52 20 T - -
1265333453.172395 34 237 20 T - -
1265333453.172407 14 - - - - -
1265333453.172917 66 237 20 T 32 185
1265333453.172948 14 - - - - -
1265333453.175066 14 - - - - -
1265333453.177874 34 60 20 T - -
1265333453.181129 74 60 20 T 40 0
1265333453.188226 34 1500 20 T - -
1265333453.188246 66 1500 20 T 32 1448
1265333453.188256 66 1500 20 T 32 1448
1265333453.234065 14 - - - - -
1265333453.253399 66 52 20 T 32 0
1265333453.253453 66 52 20 T 32 0
1265333453.253482 14 - - - - -
1265333453.253868 66 52 20 T 32 0
1265333453.255996 34 500 20 T - -
1265333453.256638 14 - - - - -
1265333453.256640 14 - - - - -
1265333453.257007 14 - - - - -
1265333453.257009 34 52 20 T - -
1265333453.257647 14 - - - - -
1265333453.257798 66 746 20 T 32 694
1265333453.257801 14 - - - - -
1265333453.260262 14 - - - - -
1265333453.260286 34 1500 20 T - -
1265333453.260316 34 1500 20 T - -
1265333453.264832 34 237 20 T - -
1265333453.265466 34 237 20 T - -
1265333453.306502 66 52 20 T 32 0
1265333453.328103 34 52 20 T - -
1265333453.328768 14 - - - - -
1265333453.328809 66 52 20 T 32 0
1265333453.332667 66 1500 20 T 32 1448
1265333453.332688 14 - - - - -
1265333453.332699 14 - - - - -
1265333453.332712 66 1500 20 T 32 1448
1265333453.332725 34 1500 20 T - -
1265333453.340904 14 - - - - -
1265333453.341802 34 60 20 T - -
1265333453.373322 14 - - - - -
1265333453.378553 66 52 20 T 32 0
1265333453.378830 14 - - - - -
1265333453.379884 66 52 20 T 32 0
1265333453.382630 54 40 20 T 20 0
1265333453.382983 34 40 20 T - -
1265333453.382994 54 40 20 T 20 0
1265333453.412800 66 52 20 T 32 0
1265333453.413549 14 - - - - -
1265333453.414184 34 52 20 T - -
1265333453.416097 34 1500 20 T - -
1265333453.416151 66 854 20 T 32 802
1265333453.416579 14 - - - - -
1265333453.416880 34 917 20 T - -
1265333453.416882 66 52 20 T 32 0
1265333453.489263 66 171 20 T 32 119
1265333453.516863 66 52 20 T 32 0
1265333453.517446 34 52 20 T - -
1265333453.525573 34 320 20 U - -
1265333453.527371 66 260 20 T 32 208
1265333453.528230 14 - - - - -
1265333453.528241 66 1500 20 T 32 1448
1265333453.528254 66 1500 20 T 32 1448
1265333453.528257 66 86 20 T 32 34
1265333453.529647 34 1500 20 T - -
1265333453.529685 34 1500 20 T - -
1265333453.529721 66 1500 20 T 32 1448
1265333453.529733 34 1500 20 T - -
1265333453.587490 14 - - - - -
1265333453.590719 66 1500 20 T 32 1448
1265333453.590765 66 1500 20 T 32 1448
1265333453.595102 66 1312 20 T 32 1260
1265333453.597900 14 - - - - -
1265333453.600438 34 1500 20 T - -
1265333453.600468 14 - - - - -
1265333453.600739 66 1500 20 T 32 1448
1265333453.601762 14 - - - - -
1265333453.601779 66 1500 20 T 32 1448
1265333453.601862 14 - - - - -
1265333453.601893 66 1500 20 T 32 1448
1265333453.602456 14 - - - - -
1265333453.602694 66 1500 20 T 32 1448
1265333453.661996 74 60 20 T 40 0
1265333453.670545 66 52 20 T 32 0
1265333453.672603 66 1500 20 T 32 1448
1265333453.672634 14 - - - - -
1265333453.672646 66 1500 20 T 32 1448
1265333453.672659 14 - - - - -
1265333453.672661 66 177 20 T 32 125
1265333453.673432 66 1243 20 T 32 1191
1265333453.678729 14 - - - - -
1265333453.720314 14 - - - - -
1265333453.770530 34 44 20 T - -
1265333453.793421 54 40 20 T 20 0
1265333453.798079 14 - - - - -
1265333453.803321 14 - - - - -
1265333453.882866 66 350 20 T 32 298
1265333453.883183 66 1500 20 T 32 1448
1265333453.887312 66 1500 20 T 32 1448
1265333453.887324 34 1500 20 T - -
1265333453.887416 14 - - - - -
1265333453.887530 66 1500 20 T 32 1448
1265333453.891889 14 - - - - -
1265333453.892002 66 1500 20 T 32 1448
1265333453.892023 66 1500 20 T 32 1448
1265333453.892064 66 1500 20 T 32 1448
1265333453.892189 66 1422 20 T 32 1370
1265333453.994152 54 40 20 T 20 0
1265333453.994993 54 1390 20 T 20 1350
1265333453.999404 54 40 20 T 20 0
1265333454.273781 66 350 20 T 32 298
1265333454.273947 34 1500 20 T - -
1265333454.277989 66 1500 20 T 32 1448
1265333454.278103 14 - - - - -
1265333454.278542 66 1500 20 T 32 1448
1265333454.278546 66 393 20 T 32 341
1265333454.333995 14 - - - - -
1265333454.342262 66 52 20 T 32 0
1265333454.450131 66 1500 20 T 32 1448
1265333454.450252 66 1500 20 T 32 1448
1265333454.458866 34 52 20 T - -
1265333454.487687 42 125 20 U 8 97
1265333454.492001 74 60 20 T 40 0
1265333454.496536 14 - - - - -
1265333454.496771 66 420 20 T 32 368
1265333454.496815 66 52 20 T 32 0
1265333454.500748 14 - - - - -
1265333454.501517 14 - - - - -
1265333454.501528 34 1500 20 T - -
1265333454.501541 66 1500 20 T 32 1448
1265333454.501559 66 1500 20 T 32 1448
1265333454.505678 14 - - - - -
1265333454.505696 66 1500 20 T 32 1448
1265333454.505710 34 1500 20 T - -
1265333454.505729 14 - - - - -
1265333454.509962 14 - - - - -
1265333456.489255 78 64 20 T 44 0
1265333456.494828 14 - - - - -
1265333456.499165 14 - - - - -
1265333457.234844 14 - - - - -
1265333458.024278 34 52 20 T - -
1265333458.169739 66 52 20 T 32 0
1265333458.169848 66 52 20 T 32 0
1265333458.170545 14 - - - - -
1265333458.260213 66 52 20 T 32 0
1265333465.091373 42 78 20 U 8 50
1265333465.505272 34 52 20 T - -
1265333465.524459 34 60 20 T - -
1265333465.524803 74 60 20 T 40 0
1265333465.577209 14 - - - - -
1265333465.577478 34 52 20 T - -
1265333465.585587 66 490 20 T 32 438
1265333465.597349 34 1500 20 T - -
1265333465.597354 66 86 20 T 32 34
1265333465.597382 66 1500 20 T 32 1448
1265333465.597771 34 52 20 T - -
1265333465.598237 14 - - - - -
1265333465.598487 34 52 20 T - -
1265333465.669328 66 1253 20 T 32 1201
1265333465.670050 66 52 20 T 32 0
1265333465.678122 34 490 20 T - -
1265333465.681161 14 - - - - -
1265333465.740326 66 260 20 T 32 208
1265333465.776160 66 1500 20 T 32 1448
1265333465.780386 34 65 20 T - -
1265333465.841242 42 403 20 U 8 375
1265333465.896333 34 44 20 T - -
1265333465.900714 14 - - - - -
1265333465.905008 66 52 20 T 32 0
1265333465.968855 14 - - - - -
1265333465.997177 14 - - - - -
1265333466.051679 14 - - - - -
1265333466.056806 66 1500 20 T 32 1448
1265333466.061413 66 1500 20 T 32 1448
1265333466.061424 66 1500 20 T 32 1448
1265333466.061454 34 1500 20 T - -
1265333466.061466 66 1500 20 T 32 1448
1265333466.065957 14 - - - - -
1265333466.066001 66 1500 20 T 32 1448
1265333466.066176 34 1500 20 T - -
1265333466.066197 14 - - - - -
1265333466.071012 66 1500 20 T 32 1448
1265333466.071045 34 1500 20 T - -
1265333466.071056 66 1500 20 T 32 1448
1265333466.071071 34 1001 20 T - -
1265333466.081422 66 1500 20 T 32 1448
1265333466.081475 66 1500 20 T 32 1448
1265333466.081522 66 1500 20 T 32 1448
1265333466.081534 14 - - - - -
1265333466.081549 14 - - - - -
1265333466.085632 34 1285 20 T - -
1265333466.113174 34 40 20 T - -
1265333466.113372 54 40 20 T 20 0
1265333466.766120 66 1500 20 T 32 1448
1265333466.766122 66 86 20 T 32 34
1265333467.106805 34 78 20 ? ? ?
1265333467.763992 66 52 20 T 32 0
1265333467.793166 14 - - - - -
1265333468.091326 14 - - - - -
1265333468.455189 34 64 20 T - -
1265333468.460588 66 456 20 T 32 404
1265333468.460589 66 52 20 T 32 0
1265333468.461046 34 456 20 T - -
1265333468.461048 66 52 20 T 32 0
1265333468.465110 34 52 20 T - -
1265333469.939840 66 456 20 T 32 404
1265333470.109303 34 78 20 ? ? ?
1265333470.446203 34 64 20 T - -
1265333470.451991 14 - - - - -
1265333470.451993 66 52 20 T 32 0
1265333472.983998 14 - - - - -
1265333472.988419 34 1500 20 T - -
1265333473.098190 74 60 20 T 40 0
1265333473.105394 66 555 20 T 32 503
1265333473.105605 66 52 20 T 32 0
1265333473.110294 66 52 20 T 32 0
1265333473.163752 66 52 20 T 32 0
1265333473.233045 34 1500 20 T - -
1265333473.233058 66 1500 20 T 32 1448
1265333473.233078 14 - - - - -
1265333473.572200 34 1500 20 T - -
1265333473.572232 34 1500 20 T - -
1265333473.587189 66 52 20 T 32 0
1265333473.595562 34 124 20 U - -
1265333473.599419 74 60 20 T 40 0
1265333473.603620 34 52 20 T - -
1265333473.604333 66 1090 20 T 32 1038
1265333473.610145 42 217 20 U 8 189
1265333473.620503 42 146 20 U 8 118
1265333473.625066 74 60 20 T 40 0
1265333473.629496 34 52 20 T - -
1265333473.656423 66 1500 20 T 32 1448
1265333473.656454 66 1500 20 T 32 1448
1265333473.660810 66 1500 20 T 32 1448
1265333473.664950 66 1500 20 T 32 1448
1265333473.664970 14 - - - - -
1265333473.665230 14 - - - - -
1265333473.669993 66 1500 20 T 32 1448
1265333473.670005 34 1500 20 T - -
1265333473.670018 66 1500 20 T 32 1448
1265333473.670030 66 1500 20 T 32 1448
1265333473.670046 14 - - - - -
1265333473.670091 66 1500 20 T 32 1448
1265333473.670093 66 869 20 T 32 817
1265333473.914322 54 40 20 T 20 0
1265333473.918824 14 - - - - -
1265333473.919996 34 468 20 T - -
1265333473.924356 54 40 20 T 20 0
1265333474.091688 66 1012 20 T 32 960
1265333474.091691 66 52 20 T 32 0
1265333474.097144 34 52 20 T - -
1265333474.103387 14 - - - - -
1265333474.158319 78 64 20 T 44 0
1265333474.270432 66 444 20 T 32 392
1265333474.280020 14 - - - - -
1265333474.364926 34 60 20 T - -
1265333474.388595 66 52 20 T 32 0
1265333474.411069 66 52 20 T 32 0
1265333474.576076 14 - - - - -
1265333474.596532 66 1500 20 T 32 1448
1265333474.596625 34 1196 20 T - -
1265333474.620525 66 1500 20 T 32 1448
1265333474.620640 34 1500 20 T - -
1265333474.620869 14 - - - - -
1265333474.639672 14 - - - - -
1265333474.639777 14 - - - - -
1265333474.639890 34 1500 20 T - -
1265333474.660546 34 216 20 T - -
1265333474.717447 34 356 20 T - -
1265333474.717461 34 356 20 T - -
1265333474.717928 66 1237 20 T 32 1185
1265333474.717942 34 1500 20 T - -
1265333474.721227 14 - - - - -
1265333474.725861 14 - - - - -
1265333474.725889 34 1500 20 T - -
1265333474.730339 34 1500 20 T - -
1265333474.730381 66 1500 20 T 32 1448
1265333474.730392 66 1500 20 T 32 1448
1265333474.730418 14 - - - - -
1265333474.734997 34 1500 20 T - -
1265333474.735020 66 1500 20 T 32 1448
1265333474.735294 34 984 20 T - -
1265333474.808079 34 1500 20 T - -
1265333474.808194 66 1460 20 T 32 1408
1265333474.808296 66 1500 20 T 32 1448
1265333474.808505 14 - - - - -
1265333474.808631 66 1480 20 T 32 1428
1265333474.814454 34 1500 20 T - -
1265333474.814466 66 1500 20 T 32 1448
1265333474.814478 14 - - - - -
1265333474.821910 66 1500 20 T 32 1448
1265333474.821922 34 1500 20 T - -
1265333474.821955 66 1292 20 T 32 1240
1265333474.827497 34 1500 20 T - -
1265333474.827736 14 - - - - -
1265333474.908939 34 44 20 T - -
1265333474.950209 42 140 20 U 8 112
1265333475.068892 34 40 20 T - -
1265333475.119114 54 40 20 T 20 0
1265333475.121001 14 - - - - -
1265333475.124947 34 40 20 T - -
1265333475.125655 34 40 20 T - -
1265333475.442092 42 322 20 U 8 294
1265333475.499923 34 40 20 T - -
1265333478.205314 34 38 20 U - -
1265333479.708272 34 38 20 U - -
1265333479.825235 34 52 20 T - -
1265333480.071089 54 40 20 T 20 0
1265333482.607768 14 - - - - -
1265333482.714853 42 38 20 U 8 10
1265333484.715817 66 52 20 T 32 0
1265333487.433710 14 - - - - -
1265333487.935345 42 78 20 U 8 50
1265333488.721352 14 - - - - -
1265333489.928008 14 - - - - -
1265333489.928374 14 - - - - -
1265333489.928599 34 78 20 U - -
1265333489.928837 14 - - - - -
1265333491.920258 34 78 20 U - -
1265333491.920550 42 78 20 U 8 50
1265333491.921184 42 211 20 U 8 183
1265333495.817883 42 180 20 U 8 152
1265333496.335459 34 105 20 U - -
1265333499.093528 66 52 20 T 32 0
1265333499.147431 74 60 20 T 40 0
1265333499.157717 14 - - - - -
1265333499.217132 34 60 20 T - -
1265333499.221968 66 52 20 T 32 0
1265333499.385919 66 1040 20 T 32 988
1265333499.440763 66 1500 20 T 32 1448
1265333499.440984 66 1500 20 T 32 1448
1265333499.445340 66 1500 20 T 32 1448
1265333499.445352 66 1500 20 T 32 1448
1265333499.445611 66 1500 20 T 32 1448
1265333499.446092 34 1500 20 T - -
1265333499.450424 66 1500 20 T 32 1448
1265333499.450437 66 1500 20 T 32 1448
1265333499.451082 34 1500 20 T - -
1265333499.451112 66 1500 20 T 32 1448
1265333499.456031 34 1500 20 T - -
1265333499.456043 34 1500 20 T - -
1265333499.456045 66 296 20 T 32 244
1265333499.461013 66 52 20 T 32 0
1265333499.603473 34 52 20 T - -
1265333499.623256 42 146 20 U 8 118
1265333499.680353 42 266 20 U 8 238
1265333499.712892 66 52 20 T 32 0
1265333499.755419 14 - - - - -
1265333499.755421 34 60 20 T - -
1265333499.755429 14 - - - - -
1265333499.756457 34 60 20 T - -
1265333499.759848 66 52 20 T 32 0
1265333499.760067 14 - - - - -
1265333499.760092 34 354 20 T - -
1265333499.760180 66 1500 20 T 32 1448
1265333499.760193 66 1500 20 T 32 1448
1265333499.760253 66 1500 20 T 32 1448
1265333499.761107 66 52 20 T 32 0
1265333499.761408 66 744 20 T 32 692
1265333499.761448 34 1500 20 T - -
1265333499.762582 14 - - - - -
1265333499.764444 66 724 20 T 32 672
1265333499.764518 66 101 20 T 32 49
1265333499.764664 34 1500 20 T - -
1265333499.764689 14 - - - - -
1265333499.764702 14 - - - - -
1265333499.765993 66 1500 20 T 32 1448
1265333499.766738 66 355 20 T 32 303
1265333499.767034 66 52 20 T 32 0
1265333499.767568 34 355 20 T - -
1265333499.767815 74 60 20 T 40 0
1265333499.768094 14 - - - - -
1265333499.768107 14 - - - - -
1265333499.768147 74 60 20 T 40 0
1265333499.769801 66 52 20 T 32 0
1265333499.770892 66 1500 20 T 32 1448
1265333499.770904 34 1500 20 T - -
1265333499.771912 14 - - - - -
1265333499.771914 66 838 20 T 32 786
1265333499.771916 66 52 20 T 32 0
1265333499.771917 66 52 20 T 32 0
1265333499.772234 14 - - - - -
1265333499.772572 14 - - - - -
1265333499.772753 66 1500 20 T 32 1448
1265333499.775384 14 - - - - -
1265333499.775397 66 1500 20 T 32 1448
1265333499.776955 14 - - - - -
1265333499.776967 66 1500 20 T 32 1448
1265333499.777018 14 - - - - -
1265333499.779638 66 684 20 T 32 632
1265333499.812939 34 60 20 T - -
1265333499.813022 14 - - - - -
1265333499.817277 34 52 20 T - -
1265333499.817584 14 - - - - -
1265333499.817640 66 1500 20 T 32 1448
1265333499.818514 14 - - - - -
1265333499.822756 14 - - - - -
1265333499.822768 34 1500 20 T - -
1265333499.827239 14 - - - - -
1265333499.827250 14 - - - - -
1265333499.827271 66 1500 20 T 32 1448
1265333499.828841 74 60 20 T 40 0
1265333499.832144 14 - - - - -
1265333499.850557 34 52 20 T - -
1265333499.850661 66 52 20 T 32 0
1265333499.877014 34 1470 20 T - -
1265333499.893886 34 166 20 U - -
1265333499.913238 74 60 20 T 40 0
1265333499.913614 42 139 20 U 8 111
1265333499.917668 34 52 20 T - -
1265333499.923157 34 672 20 T - -
1265333499.923159 34 52 20 T - -
1265333499.927600 66 52 20 T 32 0
1265333499.943961 66 844 20 T 32 792
1265333499.954352 42 238 20 U 8 210
1265333499.960291 42 297 20 U 8 269
1265333499.964449 34 120 20 U - -
1265333499.970983 66 52 20 T 32 0
1265333499.980297 74 60 20 T 40 0
1265333499.984759 66 52 20 T 32 0
1265333499.986335 14 - - - - -
1265333499.986337 66 52 20 T 32 0
1265333499.996262 14 - - - - -
1265333499.996615 34 60 20 T - -
1265333499.998080 34 52 20 T - -
1265333500.003374 34 714 20 T - -
1265333500.006162 66 52 20 T 32 0
1265333500.008201 14 - - - - -
1265333500.011975 14 - - - - -
1265333500.012099 66 1396 20 T 32 1344
1265333500.012213 66 1470 20 T 32 1418
1265333500.019167 66 357 20 T 32 305
1265333500.019328 66 532 20 T 32 480
1265333500.022915 66 1470 20 T 32 1418
1265333500.023000 14 - - - - -
1265333500.023002 34 215 20 T - -
1265333500.032972 66 1470 20 T 32 1418
1265333500.033087 66 1470 20 T 32 1418
1265333500.044246 14 - - - - -
1265333500.044578 66 1470 20 T 32 1418
1265333500.054220 66 1470 20 T 32 1418
1265333500.054386 14 - - - - -
1265333500.054427 34 1470 20 T - -
1265333500.065502 34 1470 20 T - -
1265333500.065515 66 1470 20 T 32 1418
1265333500.065528 66 1470 20 T 32 1418
1265333500.075613 14 - - - - -
1265333500.075686 66 1470 20 T 32 1418
1265333500.075715 14 - - - - -
1265333500.075727 66 1470 20 T 32 1418
1265333500.075740 14 - - - - -
1265333500.075758 66 1470 20 T 32 1418
1265333500.075831 66 1470 20 T 32 1418
1265333500.075946 66 1470 20 T 32 1418
1265333500.076081 66 1470 20 T 32 1418
1265333500.087199 14 - - - - -
1265333500.087201 66 90 20 T 32 38
1265333500.097431 34 1470 20 T - -
1265333500.097547 34 1470 20 T - -
1265333500.097661 34 1470 20 T - -
1265333500.097702 34 1470 20 T - -
1265333500.109206 14 - - - - -
1265333500.117547 74 60 20 T 40 0
1265333500.117786 14 - - - - -
1265333500.123768 34 153 20 T - -
1265333500.123770 66 52 20 T 32 0
1265333500.125087 34 40 20 T - -
1265333500.128290 66 52 20 T 32 0
1265333500.131405 54 468 20 T 20 428
1265333500.135923 34 40 20 T - -
1265333500.135933 54 40 20 T 20 0
1265333500.196764 66 52 20 T 32 0
1265333500.199894 66 1500 20 T 32 1448
1265333500.200154 34 1500 20 T - -
1265333500.200268 34 1500 20 T - -
1265333500.279132 34 1500 20 T - -
1265333500.279256 14 - - - - -
1265333500.279258 34 755 20 T - -
1265333500.279568 66 1500 20 T 32 1448
1265333500.279683 66 756 20 T 32 704
1265333500.311834 34 318 20 U - -
1265333500.359648 66 52 20 T 32 0
1265333500.504566 66 256 20 T 32 204
1265333500.506799 74 60 20 T 40 0
1265333500.507276 34 60 20 T - -
1265333500.508484 34 52 20 T - -
1265333500.514235 34 772 20 T - -
1265333500.514328 66 1500 20 T 32 1448
1265333500.523418 34 52 20 T - -
1265333500.602424 34 588 20 T - -
1265333500.608261 66 52 20 T 32 0
1265333500.614059 66 312 20 T 32 260
1265333500.614131 66 312 20 T 32 260
1265333500.614298 34 312 20 T - -
1265333500.713334 66 52 20 T 32 0
1265333500.713499 66 52 20 T 32 0
1265333500.714176 66 52 20 T 32 0
1265333500.714370 14 - - - - -
1265333500.714414 34 52 20 T - -
1265333500.793351 14 - - - - -
1265333500.793538 66 52 20 T 32 0
1265333501.011283 34 52 20 T - -
1265333501.015505 14 - - - - -
1265333501.034959 66 1156 20 T 32 1104
1265333501.034961 66 52 20 T 32 0
1265333501.039238 66 52 20 T 32 0
1265333501.305075 54 40 20 T 20 0
1265333501.309453 14 - - - - -
1265333501.310686 14 - - - - -
1265333501.315015 14 - - - - -
1265333502.440216 74 60 20 T 40 0
1265333502.440539 74 60 20 T 40 0
1265333502.519715 66 52 20 T 32 0
1265333502.520497 14 - - - - -
1265333504.764614 66 52 20 T 32 0
1265333504.765398 66 52 20 T 32 0
1265333505.302545 34 28 20 ? ? ?
1265333509.770512 34 52 20 T - -
1265333509.815316 34 52 20 T - -
1265333510.866874 42 229 20 U 8 201
1265333513.878262 34 78 20 U - -
1265333513.887170 42 90 20 U 8 62
1265333514.156217 14 - - - - -
1265333514.183434 74 60 20 T 40 0
1265333514.194176 34 56 20 T - -
1265333514.196675 14 - - - - -
1265333514.199586 34 154 20 T - -
1265333514.204632 66 159 20 T 32 107
1265333514.206243 66 180 20 T 32 128
1265333514.208097 66 336 20 T 32 284
1265333514.209362 66 91 20 T 32 39
1265333514.213565 34 154 20 T - -
1265333514.761146 66 52 20 T 32 0
1265333514.770910 66 52 20 T 32 0
1265333523.070571 42 264 20 U 8 236
1265333523.347825 42 260 20 U 8 232
1265333524.132004 14 - - - - -
1265333525.595847 66 52 20 T 32 0
1265333525.679640 14 - - - - -
1265333527.380915 42 273 20 U 8 245
1265333527.519505 14 - - - - -
1265333529.739795 42 38 20 U 8 10
1265333532.313952 34 52 20 T - -
1265333532.313966 66 52 20 T 32 0
1265333532.314746 34 52 20 T - -
1265333532.315276 66 52 20 T 32 0
1265333532.315525 34 52 20 T - -
1265333532.315734 34 52 20 T - -
1265333532.316898 14 - - - - -
1265333532.316940 34 52 20 T - -
1265333532.317231 66 52 20 T 32 0
1265333532.317273 54 40 20 T 20 0
1265333532.317283 34 52 20 T - -
1265333532.332883 66 52 20 T 32 0
1265333532.332894 14 - - - - -
1265333532.384353 66 52 20 T 32 0
1265333532.740264 14 - - - - -
1265333534.240791 42 38 20 U 8 10
1265333535.743274 34 38 20 U - -
1265333536.135184 42 280 20 U 8 252
1265333537.245452 14 - - - - -
1265333540.249577 42 38 20 U 8 10
1265333541.753296 42 38 20 U 8 10
1265333544.097639 14 - - - - -
1265333548.071549 42 277 20 U 8 249
1265333548.300898 34 28 20 ? ? ?
1265333555.821327 42 180 20 U 8 152
1265333571.319990 34 54 20 ? ? ?
1265333583.600508 34 235 20 U - -
1265333583.610431 34 295 20 U - -
1265333583.620329 34 113 20 U - -
1265333583.632342 42 145 20 U 8 117
1265333583.634123 42 348 20 U 8 320
1265333583.655584 74 60 20 T 40 0
1265333583.699815 66 1470 20 T 32 1418
1265333583.699887 66 1470 20 T 32 1418
1265333583.700003 34 194 20 T - -
1265333583.702086 14 - - - - -
1265333583.702914 66 52 20 T 32 0
1265333583.703950 34 483 20 T - -
1265333583.722476 66 1470 20 T 32 1418
1265333583.722923 14 - - - - -
1265333583.745211 66 1470 20 T 32 1418
1265333583.745303 66 1470 20 T 32 1418
1265333583.745316 66 1470 20 T 32 1418
1265333583.745334 34 1470 20 T - -
1265333583.745377 34 1470 20 T - -
1265333583.745522 66 1470 20 T 32 1418
1265333583.760696 34 1470 20 T - -
1265333583.768070 34 1470 20 T - -
1265333583.768173 66 1470 20 T 32 1418
1265333583.768197 66 1470 20 T 32 1418
1265333583.768215 14 - - - - -
1265333583.768267 66 1470 20 T 32 1418
1265333583.779104 66 1470 20 T 32 1418
1265333583.783015 14 - - - - -
1265333583.783127 66 1470 20 T 32 1418
1265333583.783481 66 1470 20 T 32 1418
1265333583.791044 66 1470 20 T 32 1418
1265333583.791125 14 - - - - -
1265333583.791282 66 1470 20 T 32 1418
1265333583.791366 66 1470 20 T 32 1418
1265333583.800520 34 1470 20 T - -
1265333583.800559 14 - - - - -
1265333583.800570 14 - - - - -
1265333583.800583 14 - - - - -
1265333583.800611 66 1470 20 T 32 1418
1265333583.811252 74 60 20 T 40 0
1265333583.822795 66 1470 20 T 32 1418
1265333583.822878 14 - - - - -
1265333583.822891 66 1470 20 T 32 1418
1265333583.822962 34 1394 20 T - -
1265333583.822982 66 1470 20 T 32 1418
1265333583.823034 66 1470 20 T 32 1418
1265333583.823149 14 - - - - -
1265333583.845624 34 1470 20 T - -
1265333583.845717 66 1470 20 T 32 1418
1265333583.867884 14 - - - - -
1265333583.910145 66 52 20 T 32 0
1265333583.926108 66 643 20 T 32 591
1265333583.985517 34 116 20 U - -
1265333584.051782 14 - - - - -
1265333584.055570 42 155 20 U 8 127
1265333584.073623 14 - - - - -
1265333584.139776 14 - - - - -
1265333584.139882 14 - - - - -
1265333584.161888 66 1470 20 T 32 1418
1265333584.162002 66 1470 20 T 32 1418
1265333584.162127 14 - - - - -
1265333584.184321 66 1470 20 T 32 1418
1265333584.184392 34 1470 20 T - -
1265333584.184507 14 - - - - -
1265333584.184621 34 1470 20 T - -
1265333584.184851 66 1470 20 T 32 1418
1265333584.208418 14 - - - - -
1265333584.208500 34 1470 20 T - -
1265333584.208511 66 1470 20 T 32 1418
1265333584.208542 66 1470 20 T 32 1418
1265333584.208844 14 - - - - -
1265333584.231350 66 1470 20 T 32 1418
1265333584.231432 66 1470 20 T 32 1418
1265333584.231444 66 1470 20 T 32 1418
1265333584.231456 66 1470 20 T 32 1418
1265333584.231472 66 1470 20 T 32 1418
1265333584.231485 34 1470 20 T - -
1265333584.231498 66 1470 20 T 32 1418
1265333584.231587 34 1470 20 T - -
1265333584.231714 14 - - - - -
1265333584.250292 34 330 20 U - -
1265333584.254458 34 1470 20 T - -
1265333584.254469 66 1470 20 T 32 1418
1265333584.254500 14 - - - - -
1265333584.254511 14 - - - - -
1265333584.254553 66 1470 20 T 32 1418
1265333584.254614 66 1470 20 T 32 1418
1265333584.277577 66 1470 20 T 32 1418
1265333584.277608 66 1470 20 T 32 1418
1265333584.277620 66 1470 20 T 32 1418
1265333584.277640 34 1470 20 T - -
1265333584.277671 66 1470 20 T 32 1418
1265333584.277713 34 1470 20 T - -
1265333584.300322 66 1470 20 T 32 1418
1265333584.300335 14 - - - - -
1265333584.300353 66 1470 20 T 32 1418
1265333584.300365 66 1470 20 T 32 1418
1265333584.300397 66 1470 20 T 32 1418
1265333584.300446 66 1470 20 T 32 1418
1265333584.303505 58 44 20 T 24 0
1265333584.323141 66 1470 20 T 32 1418
1265333584.323202 66 1470 20 T 32 1418
1265333584.323217 14 - - - - -
1265333584.323245 66 1470 20 T 32 1418
1265333584.323275 14 - - - - -
1265333584.323296 34 1470 20 T - -
1265333584.323307 66 1470 20 T 32 1418
1265333584.323380 66 1470 20 T 32 1418
1265333584.323411 14 - - - - -
1265333584.323515 66 1470 20 T 32 1418
1265333584.323566 66 1470 20 T 32 1418
1265333584.346041 14 - - - - -
1265333584.346061 66 1470 20 T 32 1418
1265333584.346072 14 - - - - -
1265333584.346104 66 1470 20 T 32 1418
1265333584.346139 66 1470 20 T 32 1418
1265333584.346150 14 - - - - -
1265333584.346956 34 1470 20 T - -
1265333584.347089 66 1470 20 T 32 1418
1265333584.347109 14 - - - - -
1265333584.347268 14 - - - - -
1265333584.369223 14 - - - - -
1265333584.369306 66 1470 20 T 32 1418
1265333584.369316 14 - - - - -
1265333584.369367 66 1470 20 T 32 1418
1265333584.369391 66 1470 20 T 32 1418
1265333584.369404 66 1470 20 T 32 1418
1265333584.369419 14 - - - - -
1265333584.369444 34 1470 20 T - -
1265333584.369456 34 1470 20 T - -
1265333584.369587 34 1470 20 T - -
1265333584.370012 66 1470 20 T 32 1418
1265333584.370044 66 1470 20 T 32 1418
1265333584.370118 14 - - - - -
1265333584.370129 66 1470 20 T 32 1418
1265333584.370398 14 - - - - -
1265333584.386873 54 1500 20 T 20 1460
1265333584.387010 54 1500 20 T 20 1460
1265333584.392477 14 - - - - -
1265333584.392570 66 1470 20 T 32 1418
1265333584.392663 34 1470 20 T - -
1265333584.469449 34 1500 20 T - -
1265333584.469615 34 1500 20 T - -
1265333584.469707 34 1500 20 T - -
1265333584.469822 34 1500 20 T - -
1265333584.469927 54 1500 20 T 20 1460
1265333584.551774 34 579 20 T - -
1265333584.782647 14 - - - - -
1265333585.924096 42 247 20 U 8 219
1265333594.372042 42 38 20 U 8 10
1265333595.860009 34 40 20 T - -
1265333595.881075 42 38 20 U 8 10
