1265333451.765986 66 52 20 T 32 0
1265333452.013216 66 1500 20 T 32 1448
1265333452.013255 66 1500 20 T 32 1448
1265333452.085174 66 1500 20 T 32 1448
1265333452.085186 66 1500 20 T 32 1448
1265333452.085203 66 1500 20 T 32 1448
1265333452.157256 66 1500 20 T 32 1448
1265333452.157267 66 1500 20 T 32 1448
1265333452.157279 66 1500 20 T 32 1448
1265333452.157292 66 1500 20 T 32 1448
1265333452.157308 66 1500 20 T 32 1448
1265333452.178767 42 268 20 U 8 240
1265333452.229256 66 1500 20 T 32 1448
1265333452.229287 66 1500 20 T 32 1448
1265333452.229983 66 1500 20 T 32 1448
1265333452.229994 66 1500 20 T 32 1448
1265333452.230008 66 1500 20 T 32 1448
1265333452.230026 66 1500 20 T 32 1448
1265333452.230046 66 1500 20 T 32 1448
1265333452.233418 74 60 20 T 40 0
1265333452.233706 74 60 20 T 40 0
1265333452.237836 66 52 20 T 32 0
1265333452.238131 66 332 20 T 32 280
1265333452.238262 66 1500 20 T 32 1448
1265333452.238345 66 52 20 T 32 0
1265333452.238443 66 351 20 T 32 299
1265333452.238636 66 1500 20 T 32 1448
1265333452.242692 66 1500 20 T 32 1448
1265333452.242786 66 1500 20 T 32 1448
